<?xml version="1.0" encoding="UTF-8" ?>
<testsuite tests="5" failures="0" name="org.seckill.service.SeckillServiceTest" time="0.211" errors="1" skipped="0">
  <properties>
[...]
</properties>
  <testcase classname="org.seckill.service.SeckillServiceTest" name="testSeckillLogic" time="0.121"/>
  <testcase classname="org.seckill.service.SeckillServiceTest" name="exportSeckillUrl" time="0.003"/>
  <testcase classname="org.seckill.service.SeckillServiceTest" name="getById" time="0.002"/>
  <testcase classname="org.seckill.service.SeckillServiceTest" name="executeSeckill" time="0.081">
    <error message="seckill repeated" type="org.seckill.exception.RepeatKillException">org.seckill.exception.RepeatKillException: seckill repeated
	at org.seckill.service.impl.SeckillServiceImpl.executeSeckill(SeckillServiceImpl.java:97)
	at sun.reflect.NativeMethodAccessorImpl.invoke0(Native Method)
	at sun.reflect.NativeMethodAccessorImpl.invoke(NativeMethodAccessorImpl.java:62)
	at sun.reflect.DelegatingMethodAccessorImpl.invoke(DelegatingMethodAccessorImpl.java:43)
	at java.lang.reflect.Method.invoke(Method.java:498)
	at org.springframework.aop.support.AopUtils.invokeJoinpointUsingReflection(AopUtils.java:302)
	at org.springframework.aop.framework.ReflectiveMethodInvocation.invokeJoinpoint(ReflectiveMethodInvocation.java:190)
	at org.springframework.aop.framework.ReflectiveMethodInvocation.proceed(ReflectiveMethodInvocation.java:157)
	at org.springframework.transaction.interceptor.TransactionInterceptor$1.proceedWithInvocation(TransactionInterceptor.java:99)
	at org.springframework.transaction.interceptor.TransactionAspectSupport.invokeWithinTransaction(TransactionAspectSupport.java:281)
	at org.springframework.transaction.interceptor.TransactionInterceptor.invoke(TransactionInterceptor.java:96)
	at org.springframework.aop.framework.ReflectiveMethodInvocation.proceed(ReflectiveMethodInvocation.java:179)
	at org.springframework.aop.framework.JdkDynamicAopProxy.invoke(JdkDynamicAopProxy.java:208)
	at com.sun.proxy.$Proxy27.executeSeckill(Unknown Source)
	at org.seckill.service.SeckillServiceTest.executeSeckill(SeckillServiceTest.java:108)
	at sun.reflect.NativeMethodAccessorImpl.invoke0(Native Method)
	at sun.reflect.NativeMethodAccessorImpl.invoke(NativeMethodAccessorImpl.java:62)
	at sun.reflect.DelegatingMethodAccessorImpl.invoke(DelegatingMethodAccessorImpl.java:43)
	at java.lang.reflect.Method.invoke(Method.java:498)
	at org.junit.runners.model.FrameworkMethod$1.runReflectiveCall(FrameworkMethod.java:50)
	at org.junit.internal.runners.model.ReflectiveCallable.run(ReflectiveCallable.java:12)
	at org.junit.runners.model.FrameworkMethod.invokeExplosively(FrameworkMethod.java:47)
	at org.junit.internal.runners.statements.InvokeMethod.evaluate(InvokeMethod.java:17)
	at org.springframework.test.context.junit4.statements.RunBeforeTestMethodCallbacks.evaluate(RunBeforeTestMethodCallbacks.java:75)
	at org.springframework.test.context.junit4.statements.RunAfterTestMethodCallbacks.evaluate(RunAfterTestMethodCallbacks.java:86)
	at org.springframework.test.context.junit4.statements.SpringRepeat.evaluate(SpringRepeat.java:84)
	at org.junit.runners.ParentRunner.runLeaf(ParentRunner.java:325)
	at org.springframework.test.context.junit4.SpringJUnit4ClassRunner.runChild(SpringJUnit4ClassRunner.java:254)
	at org.springframework.test.context.junit4.SpringJUnit4ClassRunner.runChild(SpringJUnit4ClassRunner.java:89)
	at org.junit.runners.ParentRunner$3.run(ParentRunner.java:290)
	at org.junit.runners.ParentRunner$1.schedule(ParentRunner.java:71)
	at org.junit.runners.ParentRunner.runChildren(ParentRunner.java:288)
	at org.junit.runners.ParentRunner.access$000(ParentRunner.java:58)
	at org.junit.runners.ParentRunner$2.evaluate(ParentRunner.java:268)
	at org.springframework.test.context.junit4.statements.RunBeforeTestClassCallbacks.evaluate(RunBeforeTestClassCallbacks.java:61)
	at org.springframework.test.context.junit4.statements.RunAfterTestClassCallbacks.evaluate(RunAfterTestClassCallbacks.java:70)
	at org.junit.runners.ParentRunner.run(ParentRunner.java:363)
	at org.springframework.test.context.junit4.SpringJUnit4ClassRunner.run(SpringJUnit4ClassRunner.java:193)
	at org.apache.maven.surefire.junit4.JUnit4Provider.execute(JUnit4Provider.java:252)
	at org.apache.maven.surefire.junit4.JUnit4Provider.executeTestSet(JUnit4Provider.java:141)
	at org.apache.maven.surefire.junit4.JUnit4Provider.invoke(JUnit4Provider.java:112)
	at sun.reflect.NativeMethodAccessorImpl.invoke0(Native Method)
	at sun.reflect.NativeMethodAccessorImpl.invoke(NativeMethodAccessorImpl.java:62)
	at sun.reflect.DelegatingMethodAccessorImpl.invoke(DelegatingMethodAccessorImpl.java:43)
	at java.lang.reflect.Method.invoke(Method.java:498)
	at org.apache.maven.surefire.util.ReflectionUtils.invokeMethodWithArray(ReflectionUtils.java:189)
	at org.apache.maven.surefire.booter.ProviderFactory$ProviderProxy.invoke(ProviderFactory.java:165)
	at org.apache.maven.surefire.booter.ProviderFactory.invokeProvider(ProviderFactory.java:85)
	at org.apache.maven.surefire.booter.ForkedBooter.runSuitesInProcess(ForkedBooter.java:115)
	at org.apache.maven.surefire.booter.ForkedBooter.main(ForkedBooter.java:75)
</error>
    <system-out>20:41:03.743 DEBUG [main] SqlSessionUtils: Creating a new SqlSession
20:41:03.743 DEBUG [main] SqlSessionUtils: Registering transaction synchronization for SqlSession [org.apache.ibatis.session.defaults.DefaultSqlSession@79517588]
20:41:03.743 DEBUG [main] SpringManagedTransaction: JDBC Connection [com.mchange.v2.c3p0.impl.NewProxyConnection@7ac0e420] will be managed by Spring
20:41:03.743 DEBUG [main] reduceNumber: ==&gt;  Preparing: update seckill set number = number - 1 where seckill_id = ? and start_time &lt;= ? and end_time &gt;= ? and number &gt; 0; 
20:41:03.744 DEBUG [main] reduceNumber: ==&gt; Parameters: 1000(Long), 2017-05-15 20:41:03.743(Timestamp), 2017-05-15 20:41:03.743(Timestamp)
20:41:03.744 DEBUG [main] reduceNumber: &lt;==    Updates: 1
20:41:03.745 DEBUG [main] SqlSessionUtils: Releasing transactional SqlSession [org.apache.ibatis.session.defaults.DefaultSqlSession@79517588]
20:41:03.745 DEBUG [main] SqlSessionUtils: Fetched SqlSession [org.apache.ibatis.session.defaults.DefaultSqlSession@79517588] from current transaction
20:41:03.745 DEBUG [main] insertSuccessKilled: ==&gt;  Preparing: insert ignore into success_killed(seckill_id,user_phone) values(?,?) 
20:41:03.745 DEBUG [main] insertSuccessKilled: ==&gt; Parameters: 1000(Long), 13810581299(Long)
20:41:03.746 DEBUG [main] insertSuccessKilled: &lt;==    Updates: 0
20:41:03.746 DEBUG [main] SqlSessionUtils: Releasing transactional SqlSession [org.apache.ibatis.session.defaults.DefaultSqlSession@79517588]
20:41:03.746 DEBUG [main] SqlSessionUtils: Transaction synchronization deregistering SqlSession [org.apache.ibatis.session.defaults.DefaultSqlSession@79517588]
20:41:03.746 DEBUG [main] SqlSessionUtils: Transaction synchronization closing SqlSession [org.apache.ibatis.session.defaults.DefaultSqlSession@79517588]
</system-out>
  </testcase>
  <testcase classname="org.seckill.service.SeckillServiceTest" name="getSeckillList" time="0.004"/>
</testsuite>